2025-03-15 18:10:50,313 - crypto_pipeline - INFO - Iniciando pipeline de dados de criptomoedas
2025-03-15 18:10:50,313 - crypto_pipeline - INFO - Iniciando criação da tabela crypto_prices
2025-03-15 18:10:51,652 - crypto_pipeline - INFO - Conexão com o banco de dados estabelecida com sucesso
2025-03-15 18:10:52,266 - crypto_pipeline - INFO - Tabela crypto_prices criada/verificada com sucesso
2025-03-15 18:10:52,267 - crypto_pipeline - INFO - Iniciando extração de dados da URL: https://api.coinbase.com/v2/prices/spot
2025-03-15 18:10:52,527 - crypto_pipeline - INFO - Iniciando transformação dos dados
2025-03-15 18:10:52,527 - crypto_pipeline - INFO - Iniciando carregamento dos dados no PostgreSQL
2025-03-15 18:10:53,733 - crypto_pipeline - INFO - Conexão com o banco de dados estabelecida com sucesso
2025-03-15 18:10:54,552 - crypto_pipeline - INFO - Dados salvos com sucesso: Valor: 84345.535, Moeda: USD, Cripto: BTC
2025-03-15 18:10:54,552 - crypto_pipeline - INFO - Ciclo de pipeline completado com sucesso
2025-03-15 18:11:04,556 - crypto_pipeline - INFO - Iniciando extração de dados da URL: https://api.coinbase.com/v2/prices/spot
2025-03-15 18:11:05,806 - crypto_pipeline - INFO - Iniciando transformação dos dados
2025-03-15 18:11:05,807 - crypto_pipeline - INFO - Iniciando carregamento dos dados no PostgreSQL
2025-03-15 18:11:07,148 - crypto_pipeline - INFO - Conexão com o banco de dados estabelecida com sucesso
2025-03-15 18:11:08,069 - crypto_pipeline - INFO - Dados salvos com sucesso: Valor: 84325.835, Moeda: USD, Cripto: BTC
2025-03-15 18:11:08,070 - crypto_pipeline - INFO - Ciclo de pipeline completado com sucesso
2025-03-15 18:11:18,075 - crypto_pipeline - INFO - Iniciando extração de dados da URL: https://api.coinbase.com/v2/prices/spot
2025-03-15 18:11:18,323 - crypto_pipeline - INFO - Iniciando transformação dos dados
2025-03-15 18:11:18,324 - crypto_pipeline - INFO - Iniciando carregamento dos dados no PostgreSQL
2025-03-15 18:11:19,419 - crypto_pipeline - INFO - Conexão com o banco de dados estabelecida com sucesso
2025-03-15 18:11:20,055 - crypto_pipeline - INFO - Dados salvos com sucesso: Valor: 84325.835, Moeda: USD, Cripto: BTC
2025-03-15 18:11:20,056 - crypto_pipeline - INFO - Ciclo de pipeline completado com sucesso
2025-03-15 18:11:30,062 - crypto_pipeline - INFO - Iniciando extração de dados da URL: https://api.coinbase.com/v2/prices/spot
2025-03-15 18:11:30,396 - crypto_pipeline - INFO - Iniciando transformação dos dados
2025-03-15 18:11:30,396 - crypto_pipeline - INFO - Iniciando carregamento dos dados no PostgreSQL
2025-03-15 18:11:31,719 - crypto_pipeline - INFO - Conexão com o banco de dados estabelecida com sucesso
2025-03-15 18:11:32,543 - crypto_pipeline - INFO - Dados salvos com sucesso: Valor: 84325.835, Moeda: USD, Cripto: BTC
2025-03-15 18:11:32,544 - crypto_pipeline - INFO - Ciclo de pipeline completado com sucesso
2025-03-15 18:11:42,549 - crypto_pipeline - INFO - Iniciando extração de dados da URL: https://api.coinbase.com/v2/prices/spot
2025-03-15 18:11:42,789 - crypto_pipeline - INFO - Iniciando transformação dos dados
2025-03-15 18:11:42,789 - crypto_pipeline - INFO - Iniciando carregamento dos dados no PostgreSQL
2025-03-15 18:11:43,838 - crypto_pipeline - INFO - Conexão com o banco de dados estabelecida com sucesso
2025-03-15 18:11:44,435 - crypto_pipeline - INFO - Dados salvos com sucesso: Valor: 84334.92, Moeda: USD, Cripto: BTC
2025-03-15 18:11:44,436 - crypto_pipeline - INFO - Ciclo de pipeline completado com sucesso
2025-03-15 18:11:54,441 - crypto_pipeline - INFO - Iniciando extração de dados da URL: https://api.coinbase.com/v2/prices/spot
2025-03-15 18:11:54,681 - crypto_pipeline - INFO - Iniciando transformação dos dados
2025-03-15 18:11:54,682 - crypto_pipeline - INFO - Iniciando carregamento dos dados no PostgreSQL
2025-03-15 18:11:55,892 - crypto_pipeline - INFO - Conexão com o banco de dados estabelecida com sucesso
2025-03-15 18:11:56,813 - crypto_pipeline - INFO - Dados salvos com sucesso: Valor: 84343.315, Moeda: USD, Cripto: BTC
2025-03-15 18:11:56,814 - crypto_pipeline - INFO - Ciclo de pipeline completado com sucesso
2025-03-15 18:12:06,819 - crypto_pipeline - INFO - Iniciando extração de dados da URL: https://api.coinbase.com/v2/prices/spot
2025-03-15 18:12:07,031 - crypto_pipeline - INFO - Iniciando transformação dos dados
2025-03-15 18:12:07,031 - crypto_pipeline - INFO - Iniciando carregamento dos dados no PostgreSQL
2025-03-15 18:12:08,097 - crypto_pipeline - INFO - Conexão com o banco de dados estabelecida com sucesso
2025-03-15 18:12:08,682 - crypto_pipeline - INFO - Dados salvos com sucesso: Valor: 84343.615, Moeda: USD, Cripto: BTC
2025-03-15 18:12:08,682 - crypto_pipeline - INFO - Ciclo de pipeline completado com sucesso
2025-03-15 18:12:18,687 - crypto_pipeline - INFO - Iniciando extração de dados da URL: https://api.coinbase.com/v2/prices/spot
2025-03-15 18:12:19,042 - crypto_pipeline - INFO - Iniciando transformação dos dados
2025-03-15 18:12:19,043 - crypto_pipeline - INFO - Iniciando carregamento dos dados no PostgreSQL
2025-03-15 18:12:20,674 - crypto_pipeline - INFO - Conexão com o banco de dados estabelecida com sucesso
2025-03-15 18:12:21,389 - crypto_pipeline - INFO - Dados salvos com sucesso: Valor: 84346.535, Moeda: USD, Cripto: BTC
2025-03-15 18:12:21,390 - crypto_pipeline - INFO - Ciclo de pipeline completado com sucesso
